2026-01-16 20:22:40,679 - httpx - INFO - HTTP Request: POST https://api.telegram.org/bot1885942942:AAGzEmy7tdiA8fl-YxwaU_PEIPk3rbMSHK0/getMe "HTTP/1.1 200 OK"
2026-01-16 20:22:40,680 - telegram.ext.Application - INFO - Application started
2026-01-16 20:22:40,739 - httpx - INFO - HTTP Request: POST https://api.telegram.org/bot1885942942:AAGzEmy7tdiA8fl-YxwaU_PEIPk3rbMSHK0/deleteWebhook "HTTP/1.1 200 OK"
2026-01-16 20:22:50,991 - httpx - INFO - HTTP Request: POST https://api.telegram.org/bot1885942942:AAGzEmy7tdiA8fl-YxwaU_PEIPk3rbMSHK0/getUpdates "HTTP/1.1 200 OK"
2026-01-16 20:23:01,055 - httpx - INFO - HTTP Request: POST https://api.telegram.org/bot1885942942:AAGzEmy7tdiA8fl-YxwaU_PEIPk3rbMSHK0/getUpdates "HTTP/1.1 200 OK"
2026-01-16 20:23:11,118 - httpx - INFO - HTTP Request: POST https://api.telegram.org/bot1885942942:AAGzEmy7tdiA8fl-YxwaU_PEIPk3rbMSHK0/getUpdates "HTTP/1.1 200 OK"
2026-01-16 20:23:21,118 - httpx - INFO - HTTP Request: POST https://api.telegram.org/bot1885942942:AAGzEmy7tdiA8fl-YxwaU_PEIPk3rbMSHK0/getUpdates "HTTP/1.1 200 OK"
2026-01-16 20:23:21,398 - httpx - INFO - HTTP Request: POST https://api.telegram.org/bot1885942942:AAGzEmy7tdiA8fl-YxwaU_PEIPk3rbMSHK0/sendMessage "HTTP/1.1 200 OK"
2026-01-16 20:23:28,488 - httpx - INFO - HTTP Request: POST https://api.telegram.org/bot1885942942:AAGzEmy7tdiA8fl-YxwaU_PEIPk3rbMSHK0/getUpdates "HTTP/1.1 200 OK"
2026-01-16 20:23:29,668 - httpx - INFO - HTTP Request: POST https://api.telegram.org/bot1885942942:AAGzEmy7tdiA8fl-YxwaU_PEIPk3rbMSHK0/sendMessage "HTTP/1.1 200 OK"
2026-01-16 20:23:39,414 - httpx - INFO - HTTP Request: POST https://api.telegram.org/bot1885942942:AAGzEmy7tdiA8fl-YxwaU_PEIPk3rbMSHK0/getUpdates "HTTP/1.1 200 OK"
2026-01-16 20:23:49,480 - httpx - INFO - HTTP Request: POST https://api.telegram.org/bot1885942942:AAGzEmy7tdiA8fl-YxwaU_PEIPk3rbMSHK0/getUpdates "HTTP/1.1 200 OK"
2026-01-16 20:23:58,975 - httpx - INFO - HTTP Request: POST https://api.telegram.org/bot1885942942:AAGzEmy7tdiA8fl-YxwaU_PEIPk3rbMSHK0/getUpdates "HTTP/1.1 200 OK"
2026-01-16 20:23:59,210 - httpx - INFO - HTTP Request: POST https://api.telegram.org/bot1885942942:AAGzEmy7tdiA8fl-YxwaU_PEIPk3rbMSHK0/sendMessage "HTTP/1.1 200 OK"
2026-01-16 20:23:59,687 - httpx - INFO - HTTP Request: POST https://api.telegram.org/bot1885942942:AAGzEmy7tdiA8fl-YxwaU_PEIPk3rbMSHK0/sendMessage "HTTP/1.1 200 OK"
2026-01-16 20:24:09,054 - httpx - INFO - HTTP Request: POST https://api.telegram.org/bot1885942942:AAGzEmy7tdiA8fl-YxwaU_PEIPk3rbMSHK0/getUpdates "HTTP/1.1 200 OK"
2026-01-16 20:24:19,117 - httpx - INFO - HTTP Request: POST https://api.telegram.org/bot1885942942:AAGzEmy7tdiA8fl-YxwaU_PEIPk3rbMSHK0/getUpdates "HTTP/1.1 200 OK"
2026-01-16 20:24:29,257 - httpx - INFO - HTTP Request: POST https://api.telegram.org/bot1885942942:AAGzEmy7tdiA8fl-YxwaU_PEIPk3rbMSHK0/getUpdates "HTTP/1.1 200 OK"
2026-01-16 20:24:39,318 - httpx - INFO - HTTP Request: POST https://api.telegram.org/bot1885942942:AAGzEmy7tdiA8fl-YxwaU_PEIPk3rbMSHK0/getUpdates "HTTP/1.1 200 OK"
2026-01-16 20:24:49,389 - httpx - INFO - HTTP Request: POST https://api.telegram.org/bot1885942942:AAGzEmy7tdiA8fl-YxwaU_PEIPk3rbMSHK0/getUpdates "HTTP/1.1 200 OK"
2026-01-16 20:24:50,358 - httpx - INFO - HTTP Request: POST https://api.telegram.org/bot1885942942:AAGzEmy7tdiA8fl-YxwaU_PEIPk3rbMSHK0/getUpdates "HTTP/1.1 200 OK"
2026-01-16 20:24:51,108 - httpx - INFO - HTTP Request: POST https://api.telegram.org/bot1885942942:AAGzEmy7tdiA8fl-YxwaU_PEIPk3rbMSHK0/sendMessage "HTTP/1.1 200 OK"
2026-01-16 20:25:00,872 - httpx - INFO - HTTP Request: POST https://api.telegram.org/bot1885942942:AAGzEmy7tdiA8fl-YxwaU_PEIPk3rbMSHK0/getUpdates "HTTP/1.1 200 OK"
2026-01-16 20:25:09,387 - httpx - INFO - HTTP Request: POST https://api.telegram.org/bot1885942942:AAGzEmy7tdiA8fl-YxwaU_PEIPk3rbMSHK0/getUpdates "HTTP/1.1 200 OK"
2026-01-16 20:25:10,117 - httpx - INFO - HTTP Request: POST https://api.telegram.org/bot1885942942:AAGzEmy7tdiA8fl-YxwaU_PEIPk3rbMSHK0/sendMessage "HTTP/1.1 200 OK"
2026-01-16 20:25:19,920 - httpx - INFO - HTTP Request: POST https://api.telegram.org/bot1885942942:AAGzEmy7tdiA8fl-YxwaU_PEIPk3rbMSHK0/getUpdates "HTTP/1.1 200 OK"
2026-01-16 20:25:27,558 - httpx - INFO - HTTP Request: POST https://api.telegram.org/bot1885942942:AAGzEmy7tdiA8fl-YxwaU_PEIPk3rbMSHK0/getUpdates "HTTP/1.1 200 OK"
2026-01-16 20:25:27,876 - httpx - INFO - HTTP Request: POST https://api.telegram.org/bot1885942942:AAGzEmy7tdiA8fl-YxwaU_PEIPk3rbMSHK0/sendMessage "HTTP/1.1 200 OK"
2026-01-16 20:25:31,974 - httpx - INFO - HTTP Request: POST https://api.telegram.org/bot1885942942:AAGzEmy7tdiA8fl-YxwaU_PEIPk3rbMSHK0/sendMessage "HTTP/1.1 200 OK"
2026-01-16 20:25:37,621 - httpx - INFO - HTTP Request: POST https://api.telegram.org/bot1885942942:AAGzEmy7tdiA8fl-YxwaU_PEIPk3rbMSHK0/getUpdates "HTTP/1.1 200 OK"
2026-01-16 20:25:47,690 - httpx - INFO - HTTP Request: POST https://api.telegram.org/bot1885942942:AAGzEmy7tdiA8fl-YxwaU_PEIPk3rbMSHK0/getUpdates "HTTP/1.1 200 OK"
2026-01-16 20:25:57,780 - httpx - INFO - HTTP Request: POST https://api.telegram.org/bot1885942942:AAGzEmy7tdiA8fl-YxwaU_PEIPk3rbMSHK0/getUpdates "HTTP/1.1 200 OK"
2026-01-16 20:26:07,859 - httpx - INFO - HTTP Request: POST https://api.telegram.org/bot1885942942:AAGzEmy7tdiA8fl-YxwaU_PEIPk3rbMSHK0/getUpdates "HTTP/1.1 200 OK"
2026-01-16 20:26:17,959 - httpx - INFO - HTTP Request: POST https://api.telegram.org/bot1885942942:AAGzEmy7tdiA8fl-YxwaU_PEIPk3rbMSHK0/getUpdates "HTTP/1.1 200 OK"
2026-01-16 20:26:28,034 - httpx - INFO - HTTP Request: POST https://api.telegram.org/bot1885942942:AAGzEmy7tdiA8fl-YxwaU_PEIPk3rbMSHK0/getUpdates "HTTP/1.1 200 OK"
2026-01-16 20:26:38,115 - httpx - INFO - HTTP Request: POST https://api.telegram.org/bot1885942942:AAGzEmy7tdiA8fl-YxwaU_PEIPk3rbMSHK0/getUpdates "HTTP/1.1 200 OK"
2026-01-16 20:26:48,186 - httpx - INFO - HTTP Request: POST https://api.telegram.org/bot1885942942:AAGzEmy7tdiA8fl-YxwaU_PEIPk3rbMSHK0/getUpdates "HTTP/1.1 200 OK"
2026-01-16 20:26:58,341 - httpx - INFO - HTTP Request: POST https://api.telegram.org/bot1885942942:AAGzEmy7tdiA8fl-YxwaU_PEIPk3rbMSHK0/getUpdates "HTTP/1.1 200 OK"
2026-01-16 20:27:08,424 - httpx - INFO - HTTP Request: POST https://api.telegram.org/bot1885942942:AAGzEmy7tdiA8fl-YxwaU_PEIPk3rbMSHK0/getUpdates "HTTP/1.1 200 OK"
2026-01-16 20:27:18,513 - httpx - INFO - HTTP Request: POST https://api.telegram.org/bot1885942942:AAGzEmy7tdiA8fl-YxwaU_PEIPk3rbMSHK0/getUpdates "HTTP/1.1 200 OK"
2026-01-16 20:27:28,577 - httpx - INFO - HTTP Request: POST https://api.telegram.org/bot1885942942:AAGzEmy7tdiA8fl-YxwaU_PEIPk3rbMSHK0/getUpdates "HTTP/1.1 200 OK"
2026-01-16 20:27:38,662 - httpx - INFO - HTTP Request: POST https://api.telegram.org/bot1885942942:AAGzEmy7tdiA8fl-YxwaU_PEIPk3rbMSHK0/getUpdates "HTTP/1.1 200 OK"
2026-01-16 20:27:48,742 - httpx - INFO - HTTP Request: POST https://api.telegram.org/bot1885942942:AAGzEmy7tdiA8fl-YxwaU_PEIPk3rbMSHK0/getUpdates "HTTP/1.1 200 OK"
2026-01-16 20:27:58,818 - httpx - INFO - HTTP Request: POST https://api.telegram.org/bot1885942942:AAGzEmy7tdiA8fl-YxwaU_PEIPk3rbMSHK0/getUpdates "HTTP/1.1 200 OK"
2026-01-16 20:28:08,473 - httpx - INFO - HTTP Request: POST https://api.telegram.org/bot1885942942:AAGzEmy7tdiA8fl-YxwaU_PEIPk3rbMSHK0/getUpdates "HTTP/1.1 200 OK"
2026-01-16 20:28:08,743 - httpx - INFO - HTTP Request: POST https://api.telegram.org/bot1885942942:AAGzEmy7tdiA8fl-YxwaU_PEIPk3rbMSHK0/sendMessage "HTTP/1.1 200 OK"
2026-01-16 20:28:11,590 - httpx - INFO - HTTP Request: POST https://api.telegram.org/bot1885942942:AAGzEmy7tdiA8fl-YxwaU_PEIPk3rbMSHK0/sendMessage "HTTP/1.1 200 OK"
2026-01-16 20:28:18,540 - httpx - INFO - HTTP Request: POST https://api.telegram.org/bot1885942942:AAGzEmy7tdiA8fl-YxwaU_PEIPk3rbMSHK0/getUpdates "HTTP/1.1 200 OK"
2026-01-16 20:28:19,160 - httpx - INFO - HTTP Request: POST https://api.telegram.org/bot1885942942:AAGzEmy7tdiA8fl-YxwaU_PEIPk3rbMSHK0/getUpdates "HTTP/1.1 200 OK"
2026-01-16 20:28:19,969 - httpx - INFO - HTTP Request: POST https://api.telegram.org/bot1885942942:AAGzEmy7tdiA8fl-YxwaU_PEIPk3rbMSHK0/sendMessage "HTTP/1.1 200 OK"
2026-01-16 20:28:29,716 - httpx - INFO - HTTP Request: POST https://api.telegram.org/bot1885942942:AAGzEmy7tdiA8fl-YxwaU_PEIPk3rbMSHK0/getUpdates "HTTP/1.1 200 OK"
2026-01-16 20:28:33,910 - httpx - INFO - HTTP Request: POST https://api.telegram.org/bot1885942942:AAGzEmy7tdiA8fl-YxwaU_PEIPk3rbMSHK0/getUpdates "HTTP/1.1 200 OK"
2026-01-16 20:28:34,221 - httpx - INFO - HTTP Request: POST https://api.telegram.org/bot1885942942:AAGzEmy7tdiA8fl-YxwaU_PEIPk3rbMSHK0/sendMessage "HTTP/1.1 200 OK"
2026-01-16 20:28:35,283 - httpx - INFO - HTTP Request: POST https://api.telegram.org/bot1885942942:AAGzEmy7tdiA8fl-YxwaU_PEIPk3rbMSHK0/sendMessage "HTTP/1.1 200 OK"
2026-01-16 20:28:43,710 - httpx - INFO - HTTP Request: POST https://api.telegram.org/bot1885942942:AAGzEmy7tdiA8fl-YxwaU_PEIPk3rbMSHK0/getUpdates "HTTP/1.1 200 OK"
2026-01-16 20:28:44,076 - httpx - INFO - HTTP Request: POST https://api.telegram.org/bot1885942942:AAGzEmy7tdiA8fl-YxwaU_PEIPk3rbMSHK0/sendMessage "HTTP/1.1 200 OK"
2026-01-16 20:28:53,783 - httpx - INFO - HTTP Request: POST https://api.telegram.org/bot1885942942:AAGzEmy7tdiA8fl-YxwaU_PEIPk3rbMSHK0/getUpdates "HTTP/1.1 200 OK"
2026-01-16 20:29:03,861 - httpx - INFO - HTTP Request: POST https://api.telegram.org/bot1885942942:AAGzEmy7tdiA8fl-YxwaU_PEIPk3rbMSHK0/getUpdates "HTTP/1.1 200 OK"
2026-01-16 20:29:13,929 - httpx - INFO - HTTP Request: POST https://api.telegram.org/bot1885942942:AAGzEmy7tdiA8fl-YxwaU_PEIPk3rbMSHK0/getUpdates "HTTP/1.1 200 OK"
2026-01-16 20:29:23,992 - httpx - INFO - HTTP Request: POST https://api.telegram.org/bot1885942942:AAGzEmy7tdiA8fl-YxwaU_PEIPk3rbMSHK0/getUpdates "HTTP/1.1 200 OK"
2026-01-16 20:29:34,070 - httpx - INFO - HTTP Request: POST https://api.telegram.org/bot1885942942:AAGzEmy7tdiA8fl-YxwaU_PEIPk3rbMSHK0/getUpdates "HTTP/1.1 200 OK"
2026-01-16 20:29:44,140 - httpx - INFO - HTTP Request: POST https://api.telegram.org/bot1885942942:AAGzEmy7tdiA8fl-YxwaU_PEIPk3rbMSHK0/getUpdates "HTTP/1.1 200 OK"
2026-01-16 20:29:54,211 - httpx - INFO - HTTP Request: POST https://api.telegram.org/bot1885942942:AAGzEmy7tdiA8fl-YxwaU_PEIPk3rbMSHK0/getUpdates "HTTP/1.1 200 OK"
2026-01-16 20:30:04,411 - httpx - INFO - HTTP Request: POST https://api.telegram.org/bot1885942942:AAGzEmy7tdiA8fl-YxwaU_PEIPk3rbMSHK0/getUpdates "HTTP/1.1 200 OK"
2026-01-16 20:30:05,069 - httpx - INFO - HTTP Request: POST https://api.telegram.org/bot1885942942:AAGzEmy7tdiA8fl-YxwaU_PEIPk3rbMSHK0/getUpdates "HTTP/1.1 200 OK"
2026-01-16 20:30:05,413 - httpx - INFO - HTTP Request: POST https://api.telegram.org/bot1885942942:AAGzEmy7tdiA8fl-YxwaU_PEIPk3rbMSHK0/sendMessage "HTTP/1.1 200 OK"
2026-01-16 20:30:09,893 - httpx - INFO - HTTP Request: POST https://api.telegram.org/bot1885942942:AAGzEmy7tdiA8fl-YxwaU_PEIPk3rbMSHK0/sendMessage "HTTP/1.1 200 OK"
2026-01-16 20:30:15,134 - httpx - INFO - HTTP Request: POST https://api.telegram.org/bot1885942942:AAGzEmy7tdiA8fl-YxwaU_PEIPk3rbMSHK0/getUpdates "HTTP/1.1 200 OK"
2026-01-16 20:30:25,212 - httpx - INFO - HTTP Request: POST https://api.telegram.org/bot1885942942:AAGzEmy7tdiA8fl-YxwaU_PEIPk3rbMSHK0/getUpdates "HTTP/1.1 200 OK"
2026-01-16 20:30:35,282 - httpx - INFO - HTTP Request: POST https://api.telegram.org/bot1885942942:AAGzEmy7tdiA8fl-YxwaU_PEIPk3rbMSHK0/getUpdates "HTTP/1.1 200 OK"
2026-01-16 20:30:45,362 - httpx - INFO - HTTP Request: POST https://api.telegram.org/bot1885942942:AAGzEmy7tdiA8fl-YxwaU_PEIPk3rbMSHK0/getUpdates "HTTP/1.1 200 OK"
2026-01-16 20:30:55,438 - httpx - INFO - HTTP Request: POST https://api.telegram.org/bot1885942942:AAGzEmy7tdiA8fl-YxwaU_PEIPk3rbMSHK0/getUpdates "HTTP/1.1 200 OK"
2026-01-16 20:31:05,521 - httpx - INFO - HTTP Request: POST https://api.telegram.org/bot1885942942:AAGzEmy7tdiA8fl-YxwaU_PEIPk3rbMSHK0/getUpdates "HTTP/1.1 200 OK"
2026-01-16 20:31:15,585 - httpx - INFO - HTTP Request: POST https://api.telegram.org/bot1885942942:AAGzEmy7tdiA8fl-YxwaU_PEIPk3rbMSHK0/getUpdates "HTTP/1.1 200 OK"
2026-01-16 20:31:25,662 - httpx - INFO - HTTP Request: POST https://api.telegram.org/bot1885942942:AAGzEmy7tdiA8fl-YxwaU_PEIPk3rbMSHK0/getUpdates "HTTP/1.1 200 OK"
2026-01-16 20:31:35,728 - httpx - INFO - HTTP Request: POST https://api.telegram.org/bot1885942942:AAGzEmy7tdiA8fl-YxwaU_PEIPk3rbMSHK0/getUpdates "HTTP/1.1 200 OK"
2026-01-16 20:31:45,813 - httpx - INFO - HTTP Request: POST https://api.telegram.org/bot1885942942:AAGzEmy7tdiA8fl-YxwaU_PEIPk3rbMSHK0/getUpdates "HTTP/1.1 200 OK"
2026-01-16 20:31:55,921 - httpx - INFO - HTTP Request: POST https://api.telegram.org/bot1885942942:AAGzEmy7tdiA8fl-YxwaU_PEIPk3rbMSHK0/getUpdates "HTTP/1.1 200 OK"
2026-01-16 20:32:21,176 - httpx - INFO - HTTP Request: POST https://api.telegram.org/bot1885942942:AAGzEmy7tdiA8fl-YxwaU_PEIPk3rbMSHK0/getUpdates "HTTP/1.1 200 OK"
2026-01-16 20:32:31,238 - httpx - INFO - HTTP Request: POST https://api.telegram.org/bot1885942942:AAGzEmy7tdiA8fl-YxwaU_PEIPk3rbMSHK0/getUpdates "HTTP/1.1 200 OK"
2026-01-16 20:32:41,314 - httpx - INFO - HTTP Request: POST https://api.telegram.org/bot1885942942:AAGzEmy7tdiA8fl-YxwaU_PEIPk3rbMSHK0/getUpdates "HTTP/1.1 200 OK"
2026-01-16 20:32:51,374 - httpx - INFO - HTTP Request: POST https://api.telegram.org/bot1885942942:AAGzEmy7tdiA8fl-YxwaU_PEIPk3rbMSHK0/getUpdates "HTTP/1.1 200 OK"
2026-01-16 20:33:01,440 - httpx - INFO - HTTP Request: POST https://api.telegram.org/bot1885942942:AAGzEmy7tdiA8fl-YxwaU_PEIPk3rbMSHK0/getUpdates "HTTP/1.1 200 OK"
2026-01-16 20:33:11,527 - httpx - INFO - HTTP Request: POST https://api.telegram.org/bot1885942942:AAGzEmy7tdiA8fl-YxwaU_PEIPk3rbMSHK0/getUpdates "HTTP/1.1 200 OK"
2026-01-16 20:33:21,614 - httpx - INFO - HTTP Request: POST https://api.telegram.org/bot1885942942:AAGzEmy7tdiA8fl-YxwaU_PEIPk3rbMSHK0/getUpdates "HTTP/1.1 200 OK"
2026-01-16 20:33:31,673 - httpx - INFO - HTTP Request: POST https://api.telegram.org/bot1885942942:AAGzEmy7tdiA8fl-YxwaU_PEIPk3rbMSHK0/getUpdates "HTTP/1.1 200 OK"
2026-01-16 20:33:41,765 - httpx - INFO - HTTP Request: POST https://api.telegram.org/bot1885942942:AAGzEmy7tdiA8fl-YxwaU_PEIPk3rbMSHK0/getUpdates "HTTP/1.1 200 OK"
2026-01-16 20:33:51,826 - httpx - INFO - HTTP Request: POST https://api.telegram.org/bot1885942942:AAGzEmy7tdiA8fl-YxwaU_PEIPk3rbMSHK0/getUpdates "HTTP/1.1 200 OK"
2026-01-16 20:34:01,879 - httpx - INFO - HTTP Request: POST https://api.telegram.org/bot1885942942:AAGzEmy7tdiA8fl-YxwaU_PEIPk3rbMSHK0/getUpdates "HTTP/1.1 200 OK"
2026-01-16 20:34:11,944 - httpx - INFO - HTTP Request: POST https://api.telegram.org/bot1885942942:AAGzEmy7tdiA8fl-YxwaU_PEIPk3rbMSHK0/getUpdates "HTTP/1.1 200 OK"
2026-01-16 20:34:22,286 - httpx - INFO - HTTP Request: POST https://api.telegram.org/bot1885942942:AAGzEmy7tdiA8fl-YxwaU_PEIPk3rbMSHK0/getUpdates "HTTP/1.1 200 OK"
2026-01-16 20:34:32,341 - httpx - INFO - HTTP Request: POST https://api.telegram.org/bot1885942942:AAGzEmy7tdiA8fl-YxwaU_PEIPk3rbMSHK0/getUpdates "HTTP/1.1 200 OK"
2026-01-16 20:34:42,398 - httpx - INFO - HTTP Request: POST https://api.telegram.org/bot1885942942:AAGzEmy7tdiA8fl-YxwaU_PEIPk3rbMSHK0/getUpdates "HTTP/1.1 200 OK"
2026-01-16 20:34:52,455 - httpx - INFO - HTTP Request: POST https://api.telegram.org/bot1885942942:AAGzEmy7tdiA8fl-YxwaU_PEIPk3rbMSHK0/getUpdates "HTTP/1.1 200 OK"
2026-01-16 20:35:02,519 - httpx - INFO - HTTP Request: POST https://api.telegram.org/bot1885942942:AAGzEmy7tdiA8fl-YxwaU_PEIPk3rbMSHK0/getUpdates "HTTP/1.1 200 OK"
2026-01-16 20:35:12,609 - httpx - INFO - HTTP Request: POST https://api.telegram.org/bot1885942942:AAGzEmy7tdiA8fl-YxwaU_PEIPk3rbMSHK0/getUpdates "HTTP/1.1 200 OK"
2026-01-16 20:35:22,671 - httpx - INFO - HTTP Request: POST https://api.telegram.org/bot1885942942:AAGzEmy7tdiA8fl-YxwaU_PEIPk3rbMSHK0/getUpdates "HTTP/1.1 200 OK"
2026-01-16 20:35:32,750 - httpx - INFO - HTTP Request: POST https://api.telegram.org/bot1885942942:AAGzEmy7tdiA8fl-YxwaU_PEIPk3rbMSHK0/getUpdates "HTTP/1.1 200 OK"
2026-01-16 20:35:42,846 - httpx - INFO - HTTP Request: POST https://api.telegram.org/bot1885942942:AAGzEmy7tdiA8fl-YxwaU_PEIPk3rbMSHK0/getUpdates "HTTP/1.1 200 OK"
2026-01-16 20:35:52,919 - httpx - INFO - HTTP Request: POST https://api.telegram.org/bot1885942942:AAGzEmy7tdiA8fl-YxwaU_PEIPk3rbMSHK0/getUpdates "HTTP/1.1 200 OK"
2026-01-16 20:36:02,992 - httpx - INFO - HTTP Request: POST https://api.telegram.org/bot1885942942:AAGzEmy7tdiA8fl-YxwaU_PEIPk3rbMSHK0/getUpdates "HTTP/1.1 200 OK"
2026-01-16 20:36:13,062 - httpx - INFO - HTTP Request: POST https://api.telegram.org/bot1885942942:AAGzEmy7tdiA8fl-YxwaU_PEIPk3rbMSHK0/getUpdates "HTTP/1.1 200 OK"
2026-01-16 20:36:23,122 - httpx - INFO - HTTP Request: POST https://api.telegram.org/bot1885942942:AAGzEmy7tdiA8fl-YxwaU_PEIPk3rbMSHK0/getUpdates "HTTP/1.1 200 OK"
2026-01-16 20:36:33,185 - httpx - INFO - HTTP Request: POST https://api.telegram.org/bot1885942942:AAGzEmy7tdiA8fl-YxwaU_PEIPk3rbMSHK0/getUpdates "HTTP/1.1 200 OK"
2026-01-16 20:36:43,260 - httpx - INFO - HTTP Request: POST https://api.telegram.org/bot1885942942:AAGzEmy7tdiA8fl-YxwaU_PEIPk3rbMSHK0/getUpdates "HTTP/1.1 200 OK"
2026-01-16 20:36:53,324 - httpx - INFO - HTTP Request: POST https://api.telegram.org/bot1885942942:AAGzEmy7tdiA8fl-YxwaU_PEIPk3rbMSHK0/getUpdates "HTTP/1.1 200 OK"
2026-01-16 20:37:03,380 - httpx - INFO - HTTP Request: POST https://api.telegram.org/bot1885942942:AAGzEmy7tdiA8fl-YxwaU_PEIPk3rbMSHK0/getUpdates "HTTP/1.1 200 OK"
2026-01-16 20:37:13,444 - httpx - INFO - HTTP Request: POST https://api.telegram.org/bot1885942942:AAGzEmy7tdiA8fl-YxwaU_PEIPk3rbMSHK0/getUpdates "HTTP/1.1 200 OK"
2026-01-16 20:37:23,500 - httpx - INFO - HTTP Request: POST https://api.telegram.org/bot1885942942:AAGzEmy7tdiA8fl-YxwaU_PEIPk3rbMSHK0/getUpdates "HTTP/1.1 200 OK"
2026-01-16 20:37:33,574 - httpx - INFO - HTTP Request: POST https://api.telegram.org/bot1885942942:AAGzEmy7tdiA8fl-YxwaU_PEIPk3rbMSHK0/getUpdates "HTTP/1.1 200 OK"
2026-01-16 20:37:43,637 - httpx - INFO - HTTP Request: POST https://api.telegram.org/bot1885942942:AAGzEmy7tdiA8fl-YxwaU_PEIPk3rbMSHK0/getUpdates "HTTP/1.1 200 OK"
2026-01-16 20:37:53,693 - httpx - INFO - HTTP Request: POST https://api.telegram.org/bot1885942942:AAGzEmy7tdiA8fl-YxwaU_PEIPk3rbMSHK0/getUpdates "HTTP/1.1 200 OK"
2026-01-16 20:38:03,761 - httpx - INFO - HTTP Request: POST https://api.telegram.org/bot1885942942:AAGzEmy7tdiA8fl-YxwaU_PEIPk3rbMSHK0/getUpdates "HTTP/1.1 200 OK"
2026-01-16 20:38:13,815 - httpx - INFO - HTTP Request: POST https://api.telegram.org/bot1885942942:AAGzEmy7tdiA8fl-YxwaU_PEIPk3rbMSHK0/getUpdates "HTTP/1.1 200 OK"
2026-01-16 20:38:23,887 - httpx - INFO - HTTP Request: POST https://api.telegram.org/bot1885942942:AAGzEmy7tdiA8fl-YxwaU_PEIPk3rbMSHK0/getUpdates "HTTP/1.1 200 OK"
2026-01-16 20:38:33,948 - httpx - INFO - HTTP Request: POST https://api.telegram.org/bot1885942942:AAGzEmy7tdiA8fl-YxwaU_PEIPk3rbMSHK0/getUpdates "HTTP/1.1 200 OK"
2026-01-16 20:38:44,004 - httpx - INFO - HTTP Request: POST https://api.telegram.org/bot1885942942:AAGzEmy7tdiA8fl-YxwaU_PEIPk3rbMSHK0/getUpdates "HTTP/1.1 200 OK"
2026-01-16 20:38:54,063 - httpx - INFO - HTTP Request: POST https://api.telegram.org/bot1885942942:AAGzEmy7tdiA8fl-YxwaU_PEIPk3rbMSHK0/getUpdates "HTTP/1.1 200 OK"
2026-01-16 20:39:04,128 - httpx - INFO - HTTP Request: POST https://api.telegram.org/bot1885942942:AAGzEmy7tdiA8fl-YxwaU_PEIPk3rbMSHK0/getUpdates "HTTP/1.1 200 OK"
2026-01-16 20:39:14,184 - httpx - INFO - HTTP Request: POST https://api.telegram.org/bot1885942942:AAGzEmy7tdiA8fl-YxwaU_PEIPk3rbMSHK0/getUpdates "HTTP/1.1 200 OK"
2026-01-16 20:39:24,240 - httpx - INFO - HTTP Request: POST https://api.telegram.org/bot1885942942:AAGzEmy7tdiA8fl-YxwaU_PEIPk3rbMSHK0/getUpdates "HTTP/1.1 200 OK"
2026-01-16 20:39:34,295 - httpx - INFO - HTTP Request: POST https://api.telegram.org/bot1885942942:AAGzEmy7tdiA8fl-YxwaU_PEIPk3rbMSHK0/getUpdates "HTTP/1.1 200 OK"
2026-01-16 20:39:44,350 - httpx - INFO - HTTP Request: POST https://api.telegram.org/bot1885942942:AAGzEmy7tdiA8fl-YxwaU_PEIPk3rbMSHK0/getUpdates "HTTP/1.1 200 OK"
2026-01-16 20:39:54,413 - httpx - INFO - HTTP Request: POST https://api.telegram.org/bot1885942942:AAGzEmy7tdiA8fl-YxwaU_PEIPk3rbMSHK0/getUpdates "HTTP/1.1 200 OK"
2026-01-16 20:40:04,467 - httpx - INFO - HTTP Request: POST https://api.telegram.org/bot1885942942:AAGzEmy7tdiA8fl-YxwaU_PEIPk3rbMSHK0/getUpdates "HTTP/1.1 200 OK"
2026-01-16 20:40:14,527 - httpx - INFO - HTTP Request: POST https://api.telegram.org/bot1885942942:AAGzEmy7tdiA8fl-YxwaU_PEIPk3rbMSHK0/getUpdates "HTTP/1.1 200 OK"
2026-01-16 20:40:24,584 - httpx - INFO - HTTP Request: POST https://api.telegram.org/bot1885942942:AAGzEmy7tdiA8fl-YxwaU_PEIPk3rbMSHK0/getUpdates "HTTP/1.1 200 OK"
2026-01-16 20:40:34,647 - httpx - INFO - HTTP Request: POST https://api.telegram.org/bot1885942942:AAGzEmy7tdiA8fl-YxwaU_PEIPk3rbMSHK0/getUpdates "HTTP/1.1 200 OK"
2026-01-16 20:40:44,712 - httpx - INFO - HTTP Request: POST https://api.telegram.org/bot1885942942:AAGzEmy7tdiA8fl-YxwaU_PEIPk3rbMSHK0/getUpdates "HTTP/1.1 200 OK"
2026-01-16 20:40:54,772 - httpx - INFO - HTTP Request: POST https://api.telegram.org/bot1885942942:AAGzEmy7tdiA8fl-YxwaU_PEIPk3rbMSHK0/getUpdates "HTTP/1.1 200 OK"
2026-01-16 20:41:04,838 - httpx - INFO - HTTP Request: POST https://api.telegram.org/bot1885942942:AAGzEmy7tdiA8fl-YxwaU_PEIPk3rbMSHK0/getUpdates "HTTP/1.1 200 OK"
2026-01-16 20:41:14,898 - httpx - INFO - HTTP Request: POST https://api.telegram.org/bot1885942942:AAGzEmy7tdiA8fl-YxwaU_PEIPk3rbMSHK0/getUpdates "HTTP/1.1 200 OK"
2026-01-16 20:41:24,966 - httpx - INFO - HTTP Request: POST https://api.telegram.org/bot1885942942:AAGzEmy7tdiA8fl-YxwaU_PEIPk3rbMSHK0/getUpdates "HTTP/1.1 200 OK"
2026-01-16 20:41:35,024 - httpx - INFO - HTTP Request: POST https://api.telegram.org/bot1885942942:AAGzEmy7tdiA8fl-YxwaU_PEIPk3rbMSHK0/getUpdates "HTTP/1.1 200 OK"
2026-01-16 20:41:45,091 - httpx - INFO - HTTP Request: POST https://api.telegram.org/bot1885942942:AAGzEmy7tdiA8fl-YxwaU_PEIPk3rbMSHK0/getUpdates "HTTP/1.1 200 OK"
2026-01-16 20:41:55,155 - httpx - INFO - HTTP Request: POST https://api.telegram.org/bot1885942942:AAGzEmy7tdiA8fl-YxwaU_PEIPk3rbMSHK0/getUpdates "HTTP/1.1 200 OK"
2026-01-16 20:42:05,209 - httpx - INFO - HTTP Request: POST https://api.telegram.org/bot1885942942:AAGzEmy7tdiA8fl-YxwaU_PEIPk3rbMSHK0/getUpdates "HTTP/1.1 200 OK"
2026-01-16 20:42:15,262 - httpx - INFO - HTTP Request: POST https://api.telegram.org/bot1885942942:AAGzEmy7tdiA8fl-YxwaU_PEIPk3rbMSHK0/getUpdates "HTTP/1.1 200 OK"
2026-01-16 20:42:25,346 - httpx - INFO - HTTP Request: POST https://api.telegram.org/bot1885942942:AAGzEmy7tdiA8fl-YxwaU_PEIPk3rbMSHK0/getUpdates "HTTP/1.1 200 OK"
2026-01-16 20:42:35,411 - httpx - INFO - HTTP Request: POST https://api.telegram.org/bot1885942942:AAGzEmy7tdiA8fl-YxwaU_PEIPk3rbMSHK0/getUpdates "HTTP/1.1 200 OK"
2026-01-16 20:42:45,468 - httpx - INFO - HTTP Request: POST https://api.telegram.org/bot1885942942:AAGzEmy7tdiA8fl-YxwaU_PEIPk3rbMSHK0/getUpdates "HTTP/1.1 200 OK"
2026-01-16 20:42:55,524 - httpx - INFO - HTTP Request: POST https://api.telegram.org/bot1885942942:AAGzEmy7tdiA8fl-YxwaU_PEIPk3rbMSHK0/getUpdates "HTTP/1.1 200 OK"
2026-01-16 20:43:05,586 - httpx - INFO - HTTP Request: POST https://api.telegram.org/bot1885942942:AAGzEmy7tdiA8fl-YxwaU_PEIPk3rbMSHK0/getUpdates "HTTP/1.1 200 OK"
2026-01-16 20:43:15,643 - httpx - INFO - HTTP Request: POST https://api.telegram.org/bot1885942942:AAGzEmy7tdiA8fl-YxwaU_PEIPk3rbMSHK0/getUpdates "HTTP/1.1 200 OK"
2026-01-16 20:43:25,711 - httpx - INFO - HTTP Request: POST https://api.telegram.org/bot1885942942:AAGzEmy7tdiA8fl-YxwaU_PEIPk3rbMSHK0/getUpdates "HTTP/1.1 200 OK"
2026-01-16 20:43:35,780 - httpx - INFO - HTTP Request: POST https://api.telegram.org/bot1885942942:AAGzEmy7tdiA8fl-YxwaU_PEIPk3rbMSHK0/getUpdates "HTTP/1.1 200 OK"
2026-01-16 20:43:45,835 - httpx - INFO - HTTP Request: POST https://api.telegram.org/bot1885942942:AAGzEmy7tdiA8fl-YxwaU_PEIPk3rbMSHK0/getUpdates "HTTP/1.1 200 OK"
2026-01-16 20:43:55,903 - httpx - INFO - HTTP Request: POST https://api.telegram.org/bot1885942942:AAGzEmy7tdiA8fl-YxwaU_PEIPk3rbMSHK0/getUpdates "HTTP/1.1 200 OK"
2026-01-16 20:44:05,978 - httpx - INFO - HTTP Request: POST https://api.telegram.org/bot1885942942:AAGzEmy7tdiA8fl-YxwaU_PEIPk3rbMSHK0/getUpdates "HTTP/1.1 200 OK"
2026-01-16 20:44:16,044 - httpx - INFO - HTTP Request: POST https://api.telegram.org/bot1885942942:AAGzEmy7tdiA8fl-YxwaU_PEIPk3rbMSHK0/getUpdates "HTTP/1.1 200 OK"
2026-01-16 20:44:26,102 - httpx - INFO - HTTP Request: POST https://api.telegram.org/bot1885942942:AAGzEmy7tdiA8fl-YxwaU_PEIPk3rbMSHK0/getUpdates "HTTP/1.1 200 OK"
2026-01-16 20:44:36,156 - httpx - INFO - HTTP Request: POST https://api.telegram.org/bot1885942942:AAGzEmy7tdiA8fl-YxwaU_PEIPk3rbMSHK0/getUpdates "HTTP/1.1 200 OK"
2026-01-16 20:44:46,212 - httpx - INFO - HTTP Request: POST https://api.telegram.org/bot1885942942:AAGzEmy7tdiA8fl-YxwaU_PEIPk3rbMSHK0/getUpdates "HTTP/1.1 200 OK"
2026-01-16 20:44:56,266 - httpx - INFO - HTTP Request: POST https://api.telegram.org/bot1885942942:AAGzEmy7tdiA8fl-YxwaU_PEIPk3rbMSHK0/getUpdates "HTTP/1.1 200 OK"
2026-01-16 20:45:06,325 - httpx - INFO - HTTP Request: POST https://api.telegram.org/bot1885942942:AAGzEmy7tdiA8fl-YxwaU_PEIPk3rbMSHK0/getUpdates "HTTP/1.1 200 OK"
2026-01-16 20:45:16,392 - httpx - INFO - HTTP Request: POST https://api.telegram.org/bot1885942942:AAGzEmy7tdiA8fl-YxwaU_PEIPk3rbMSHK0/getUpdates "HTTP/1.1 200 OK"
2026-01-16 20:45:26,452 - httpx - INFO - HTTP Request: POST https://api.telegram.org/bot1885942942:AAGzEmy7tdiA8fl-YxwaU_PEIPk3rbMSHK0/getUpdates "HTTP/1.1 200 OK"
2026-01-16 20:45:36,516 - httpx - INFO - HTTP Request: POST https://api.telegram.org/bot1885942942:AAGzEmy7tdiA8fl-YxwaU_PEIPk3rbMSHK0/getUpdates "HTTP/1.1 200 OK"
2026-01-16 20:45:46,571 - httpx - INFO - HTTP Request: POST https://api.telegram.org/bot1885942942:AAGzEmy7tdiA8fl-YxwaU_PEIPk3rbMSHK0/getUpdates "HTTP/1.1 200 OK"
2026-01-16 20:45:56,640 - httpx - INFO - HTTP Request: POST https://api.telegram.org/bot1885942942:AAGzEmy7tdiA8fl-YxwaU_PEIPk3rbMSHK0/getUpdates "HTTP/1.1 200 OK"
2026-01-16 20:45:58,034 - httpx - INFO - HTTP Request: POST https://api.telegram.org/bot1885942942:AAGzEmy7tdiA8fl-YxwaU_PEIPk3rbMSHK0/getUpdates "HTTP/1.1 200 OK"
2026-01-16 20:45:58,365 - httpx - INFO - HTTP Request: POST https://api.telegram.org/bot1885942942:AAGzEmy7tdiA8fl-YxwaU_PEIPk3rbMSHK0/sendMessage "HTTP/1.1 200 OK"
2026-01-16 20:46:00,802 - httpx - INFO - HTTP Request: POST https://api.telegram.org/bot1885942942:AAGzEmy7tdiA8fl-YxwaU_PEIPk3rbMSHK0/getUpdates "HTTP/1.1 200 OK"
2026-01-16 20:46:00,876 - httpx - INFO - HTTP Request: POST https://api.telegram.org/bot1885942942:AAGzEmy7tdiA8fl-YxwaU_PEIPk3rbMSHK0/sendMessage "HTTP/1.1 200 OK"
2026-01-16 20:46:05,621 - httpx - INFO - HTTP Request: POST https://api.telegram.org/bot1885942942:AAGzEmy7tdiA8fl-YxwaU_PEIPk3rbMSHK0/sendMessage "HTTP/1.1 200 OK"
2026-01-16 20:46:10,857 - httpx - INFO - HTTP Request: POST https://api.telegram.org/bot1885942942:AAGzEmy7tdiA8fl-YxwaU_PEIPk3rbMSHK0/getUpdates "HTTP/1.1 200 OK"
2026-01-16 20:46:20,912 - httpx - INFO - HTTP Request: POST https://api.telegram.org/bot1885942942:AAGzEmy7tdiA8fl-YxwaU_PEIPk3rbMSHK0/getUpdates "HTTP/1.1 200 OK"
2026-01-16 20:46:30,978 - httpx - INFO - HTTP Request: POST https://api.telegram.org/bot1885942942:AAGzEmy7tdiA8fl-YxwaU_PEIPk3rbMSHK0/getUpdates "HTTP/1.1 200 OK"
2026-01-16 20:46:41,035 - httpx - INFO - HTTP Request: POST https://api.telegram.org/bot1885942942:AAGzEmy7tdiA8fl-YxwaU_PEIPk3rbMSHK0/getUpdates "HTTP/1.1 200 OK"
2026-01-16 20:46:51,091 - httpx - INFO - HTTP Request: POST https://api.telegram.org/bot1885942942:AAGzEmy7tdiA8fl-YxwaU_PEIPk3rbMSHK0/getUpdates "HTTP/1.1 200 OK"
2026-01-16 20:47:01,153 - httpx - INFO - HTTP Request: POST https://api.telegram.org/bot1885942942:AAGzEmy7tdiA8fl-YxwaU_PEIPk3rbMSHK0/getUpdates "HTTP/1.1 200 OK"
2026-01-16 20:47:11,236 - httpx - INFO - HTTP Request: POST https://api.telegram.org/bot1885942942:AAGzEmy7tdiA8fl-YxwaU_PEIPk3rbMSHK0/getUpdates "HTTP/1.1 200 OK"
2026-01-16 20:47:21,292 - httpx - INFO - HTTP Request: POST https://api.telegram.org/bot1885942942:AAGzEmy7tdiA8fl-YxwaU_PEIPk3rbMSHK0/getUpdates "HTTP/1.1 200 OK"
2026-01-16 20:47:31,357 - httpx - INFO - HTTP Request: POST https://api.telegram.org/bot1885942942:AAGzEmy7tdiA8fl-YxwaU_PEIPk3rbMSHK0/getUpdates "HTTP/1.1 200 OK"
2026-01-16 20:47:41,410 - httpx - INFO - HTTP Request: POST https://api.telegram.org/bot1885942942:AAGzEmy7tdiA8fl-YxwaU_PEIPk3rbMSHK0/getUpdates "HTTP/1.1 200 OK"
2026-01-16 20:47:51,463 - httpx - INFO - HTTP Request: POST https://api.telegram.org/bot1885942942:AAGzEmy7tdiA8fl-YxwaU_PEIPk3rbMSHK0/getUpdates "HTTP/1.1 200 OK"
2026-01-16 20:48:01,520 - httpx - INFO - HTTP Request: POST https://api.telegram.org/bot1885942942:AAGzEmy7tdiA8fl-YxwaU_PEIPk3rbMSHK0/getUpdates "HTTP/1.1 200 OK"
2026-01-16 20:48:11,572 - httpx - INFO - HTTP Request: POST https://api.telegram.org/bot1885942942:AAGzEmy7tdiA8fl-YxwaU_PEIPk3rbMSHK0/getUpdates "HTTP/1.1 200 OK"
2026-01-16 20:48:21,625 - httpx - INFO - HTTP Request: POST https://api.telegram.org/bot1885942942:AAGzEmy7tdiA8fl-YxwaU_PEIPk3rbMSHK0/getUpdates "HTTP/1.1 200 OK"
2026-01-16 20:48:31,690 - httpx - INFO - HTTP Request: POST https://api.telegram.org/bot1885942942:AAGzEmy7tdiA8fl-YxwaU_PEIPk3rbMSHK0/getUpdates "HTTP/1.1 200 OK"
2026-01-16 20:48:41,749 - httpx - INFO - HTTP Request: POST https://api.telegram.org/bot1885942942:AAGzEmy7tdiA8fl-YxwaU_PEIPk3rbMSHK0/getUpdates "HTTP/1.1 200 OK"
2026-01-16 20:48:52,000 - httpx - INFO - HTTP Request: POST https://api.telegram.org/bot1885942942:AAGzEmy7tdiA8fl-YxwaU_PEIPk3rbMSHK0/getUpdates "HTTP/1.1 200 OK"
2026-01-16 20:49:02,083 - httpx - INFO - HTTP Request: POST https://api.telegram.org/bot1885942942:AAGzEmy7tdiA8fl-YxwaU_PEIPk3rbMSHK0/getUpdates "HTTP/1.1 200 OK"
2026-01-16 20:49:12,148 - httpx - INFO - HTTP Request: POST https://api.telegram.org/bot1885942942:AAGzEmy7tdiA8fl-YxwaU_PEIPk3rbMSHK0/getUpdates "HTTP/1.1 200 OK"
2026-01-16 20:49:22,214 - httpx - INFO - HTTP Request: POST https://api.telegram.org/bot1885942942:AAGzEmy7tdiA8fl-YxwaU_PEIPk3rbMSHK0/getUpdates "HTTP/1.1 200 OK"
2026-01-16 20:49:32,290 - httpx - INFO - HTTP Request: POST https://api.telegram.org/bot1885942942:AAGzEmy7tdiA8fl-YxwaU_PEIPk3rbMSHK0/getUpdates "HTTP/1.1 200 OK"
2026-01-16 20:49:42,375 - httpx - INFO - HTTP Request: POST https://api.telegram.org/bot1885942942:AAGzEmy7tdiA8fl-YxwaU_PEIPk3rbMSHK0/getUpdates "HTTP/1.1 200 OK"
2026-01-16 20:49:52,451 - httpx - INFO - HTTP Request: POST https://api.telegram.org/bot1885942942:AAGzEmy7tdiA8fl-YxwaU_PEIPk3rbMSHK0/getUpdates "HTTP/1.1 200 OK"
2026-01-16 20:50:02,525 - httpx - INFO - HTTP Request: POST https://api.telegram.org/bot1885942942:AAGzEmy7tdiA8fl-YxwaU_PEIPk3rbMSHK0/getUpdates "HTTP/1.1 200 OK"
2026-01-16 20:50:12,599 - httpx - INFO - HTTP Request: POST https://api.telegram.org/bot1885942942:AAGzEmy7tdiA8fl-YxwaU_PEIPk3rbMSHK0/getUpdates "HTTP/1.1 200 OK"
2026-01-16 20:50:22,670 - httpx - INFO - HTTP Request: POST https://api.telegram.org/bot1885942942:AAGzEmy7tdiA8fl-YxwaU_PEIPk3rbMSHK0/getUpdates "HTTP/1.1 200 OK"
2026-01-16 20:50:32,736 - httpx - INFO - HTTP Request: POST https://api.telegram.org/bot1885942942:AAGzEmy7tdiA8fl-YxwaU_PEIPk3rbMSHK0/getUpdates "HTTP/1.1 200 OK"
2026-01-16 20:50:42,813 - httpx - INFO - HTTP Request: POST https://api.telegram.org/bot1885942942:AAGzEmy7tdiA8fl-YxwaU_PEIPk3rbMSHK0/getUpdates "HTTP/1.1 200 OK"
2026-01-16 20:50:52,902 - httpx - INFO - HTTP Request: POST https://api.telegram.org/bot1885942942:AAGzEmy7tdiA8fl-YxwaU_PEIPk3rbMSHK0/getUpdates "HTTP/1.1 200 OK"
2026-01-16 20:51:02,975 - httpx - INFO - HTTP Request: POST https://api.telegram.org/bot1885942942:AAGzEmy7tdiA8fl-YxwaU_PEIPk3rbMSHK0/getUpdates "HTTP/1.1 200 OK"
2026-01-16 20:51:13,068 - httpx - INFO - HTTP Request: POST https://api.telegram.org/bot1885942942:AAGzEmy7tdiA8fl-YxwaU_PEIPk3rbMSHK0/getUpdates "HTTP/1.1 200 OK"
2026-01-16 20:51:23,140 - httpx - INFO - HTTP Request: POST https://api.telegram.org/bot1885942942:AAGzEmy7tdiA8fl-YxwaU_PEIPk3rbMSHK0/getUpdates "HTTP/1.1 200 OK"
2026-01-16 20:51:33,203 - httpx - INFO - HTTP Request: POST https://api.telegram.org/bot1885942942:AAGzEmy7tdiA8fl-YxwaU_PEIPk3rbMSHK0/getUpdates "HTTP/1.1 200 OK"
2026-01-16 20:51:43,280 - httpx - INFO - HTTP Request: POST https://api.telegram.org/bot1885942942:AAGzEmy7tdiA8fl-YxwaU_PEIPk3rbMSHK0/getUpdates "HTTP/1.1 200 OK"
2026-01-16 20:51:53,343 - httpx - INFO - HTTP Request: POST https://api.telegram.org/bot1885942942:AAGzEmy7tdiA8fl-YxwaU_PEIPk3rbMSHK0/getUpdates "HTTP/1.1 200 OK"
2026-01-16 20:52:03,408 - httpx - INFO - HTTP Request: POST https://api.telegram.org/bot1885942942:AAGzEmy7tdiA8fl-YxwaU_PEIPk3rbMSHK0/getUpdates "HTTP/1.1 200 OK"
2026-01-16 20:52:13,476 - httpx - INFO - HTTP Request: POST https://api.telegram.org/bot1885942942:AAGzEmy7tdiA8fl-YxwaU_PEIPk3rbMSHK0/getUpdates "HTTP/1.1 200 OK"
2026-01-16 20:52:23,539 - httpx - INFO - HTTP Request: POST https://api.telegram.org/bot1885942942:AAGzEmy7tdiA8fl-YxwaU_PEIPk3rbMSHK0/getUpdates "HTTP/1.1 200 OK"
2026-01-16 20:52:33,608 - httpx - INFO - HTTP Request: POST https://api.telegram.org/bot1885942942:AAGzEmy7tdiA8fl-YxwaU_PEIPk3rbMSHK0/getUpdates "HTTP/1.1 200 OK"
2026-01-16 20:52:43,671 - httpx - INFO - HTTP Request: POST https://api.telegram.org/bot1885942942:AAGzEmy7tdiA8fl-YxwaU_PEIPk3rbMSHK0/getUpdates "HTTP/1.1 200 OK"
2026-01-16 20:52:53,732 - httpx - INFO - HTTP Request: POST https://api.telegram.org/bot1885942942:AAGzEmy7tdiA8fl-YxwaU_PEIPk3rbMSHK0/getUpdates "HTTP/1.1 200 OK"
2026-01-16 20:53:03,807 - httpx - INFO - HTTP Request: POST https://api.telegram.org/bot1885942942:AAGzEmy7tdiA8fl-YxwaU_PEIPk3rbMSHK0/getUpdates "HTTP/1.1 200 OK"
2026-01-16 20:53:13,886 - httpx - INFO - HTTP Request: POST https://api.telegram.org/bot1885942942:AAGzEmy7tdiA8fl-YxwaU_PEIPk3rbMSHK0/getUpdates "HTTP/1.1 200 OK"
2026-01-16 20:53:23,966 - httpx - INFO - HTTP Request: POST https://api.telegram.org/bot1885942942:AAGzEmy7tdiA8fl-YxwaU_PEIPk3rbMSHK0/getUpdates "HTTP/1.1 200 OK"
2026-01-16 20:53:34,040 - httpx - INFO - HTTP Request: POST https://api.telegram.org/bot1885942942:AAGzEmy7tdiA8fl-YxwaU_PEIPk3rbMSHK0/getUpdates "HTTP/1.1 200 OK"
2026-01-16 20:53:44,111 - httpx - INFO - HTTP Request: POST https://api.telegram.org/bot1885942942:AAGzEmy7tdiA8fl-YxwaU_PEIPk3rbMSHK0/getUpdates "HTTP/1.1 200 OK"
2026-01-16 20:53:54,172 - httpx - INFO - HTTP Request: POST https://api.telegram.org/bot1885942942:AAGzEmy7tdiA8fl-YxwaU_PEIPk3rbMSHK0/getUpdates "HTTP/1.1 200 OK"
2026-01-16 20:54:04,235 - httpx - INFO - HTTP Request: POST https://api.telegram.org/bot1885942942:AAGzEmy7tdiA8fl-YxwaU_PEIPk3rbMSHK0/getUpdates "HTTP/1.1 200 OK"
2026-01-16 20:54:14,301 - httpx - INFO - HTTP Request: POST https://api.telegram.org/bot1885942942:AAGzEmy7tdiA8fl-YxwaU_PEIPk3rbMSHK0/getUpdates "HTTP/1.1 200 OK"
2026-01-16 20:54:24,366 - httpx - INFO - HTTP Request: POST https://api.telegram.org/bot1885942942:AAGzEmy7tdiA8fl-YxwaU_PEIPk3rbMSHK0/getUpdates "HTTP/1.1 200 OK"
2026-01-16 20:54:34,441 - httpx - INFO - HTTP Request: POST https://api.telegram.org/bot1885942942:AAGzEmy7tdiA8fl-YxwaU_PEIPk3rbMSHK0/getUpdates "HTTP/1.1 200 OK"
2026-01-16 20:54:44,530 - httpx - INFO - HTTP Request: POST https://api.telegram.org/bot1885942942:AAGzEmy7tdiA8fl-YxwaU_PEIPk3rbMSHK0/getUpdates "HTTP/1.1 200 OK"
2026-01-16 20:54:54,647 - httpx - INFO - HTTP Request: POST https://api.telegram.org/bot1885942942:AAGzEmy7tdiA8fl-YxwaU_PEIPk3rbMSHK0/getUpdates "HTTP/1.1 200 OK"
2026-01-16 20:55:04,717 - httpx - INFO - HTTP Request: POST https://api.telegram.org/bot1885942942:AAGzEmy7tdiA8fl-YxwaU_PEIPk3rbMSHK0/getUpdates "HTTP/1.1 200 OK"
2026-01-16 20:55:14,780 - httpx - INFO - HTTP Request: POST https://api.telegram.org/bot1885942942:AAGzEmy7tdiA8fl-YxwaU_PEIPk3rbMSHK0/getUpdates "HTTP/1.1 200 OK"
2026-01-16 20:55:24,852 - httpx - INFO - HTTP Request: POST https://api.telegram.org/bot1885942942:AAGzEmy7tdiA8fl-YxwaU_PEIPk3rbMSHK0/getUpdates "HTTP/1.1 200 OK"
2026-01-16 20:55:34,916 - httpx - INFO - HTTP Request: POST https://api.telegram.org/bot1885942942:AAGzEmy7tdiA8fl-YxwaU_PEIPk3rbMSHK0/getUpdates "HTTP/1.1 200 OK"
2026-01-16 20:55:44,986 - httpx - INFO - HTTP Request: POST https://api.telegram.org/bot1885942942:AAGzEmy7tdiA8fl-YxwaU_PEIPk3rbMSHK0/getUpdates "HTTP/1.1 200 OK"
2026-01-16 20:55:55,052 - httpx - INFO - HTTP Request: POST https://api.telegram.org/bot1885942942:AAGzEmy7tdiA8fl-YxwaU_PEIPk3rbMSHK0/getUpdates "HTTP/1.1 200 OK"
2026-01-16 20:56:05,122 - httpx - INFO - HTTP Request: POST https://api.telegram.org/bot1885942942:AAGzEmy7tdiA8fl-YxwaU_PEIPk3rbMSHK0/getUpdates "HTTP/1.1 200 OK"
2026-01-16 20:56:15,208 - httpx - INFO - HTTP Request: POST https://api.telegram.org/bot1885942942:AAGzEmy7tdiA8fl-YxwaU_PEIPk3rbMSHK0/getUpdates "HTTP/1.1 200 OK"
2026-01-16 20:56:25,280 - httpx - INFO - HTTP Request: POST https://api.telegram.org/bot1885942942:AAGzEmy7tdiA8fl-YxwaU_PEIPk3rbMSHK0/getUpdates "HTTP/1.1 200 OK"
2026-01-16 20:56:35,343 - httpx - INFO - HTTP Request: POST https://api.telegram.org/bot1885942942:AAGzEmy7tdiA8fl-YxwaU_PEIPk3rbMSHK0/getUpdates "HTTP/1.1 200 OK"
2026-01-16 20:56:45,433 - httpx - INFO - HTTP Request: POST https://api.telegram.org/bot1885942942:AAGzEmy7tdiA8fl-YxwaU_PEIPk3rbMSHK0/getUpdates "HTTP/1.1 200 OK"
2026-01-16 20:56:55,522 - httpx - INFO - HTTP Request: POST https://api.telegram.org/bot1885942942:AAGzEmy7tdiA8fl-YxwaU_PEIPk3rbMSHK0/getUpdates "HTTP/1.1 200 OK"
2026-01-16 20:57:05,593 - httpx - INFO - HTTP Request: POST https://api.telegram.org/bot1885942942:AAGzEmy7tdiA8fl-YxwaU_PEIPk3rbMSHK0/getUpdates "HTTP/1.1 200 OK"
2026-01-16 20:57:15,670 - httpx - INFO - HTTP Request: POST https://api.telegram.org/bot1885942942:AAGzEmy7tdiA8fl-YxwaU_PEIPk3rbMSHK0/getUpdates "HTTP/1.1 200 OK"
2026-01-16 20:57:25,734 - httpx - INFO - HTTP Request: POST https://api.telegram.org/bot1885942942:AAGzEmy7tdiA8fl-YxwaU_PEIPk3rbMSHK0/getUpdates "HTTP/1.1 200 OK"
2026-01-16 20:57:35,800 - httpx - INFO - HTTP Request: POST https://api.telegram.org/bot1885942942:AAGzEmy7tdiA8fl-YxwaU_PEIPk3rbMSHK0/getUpdates "HTTP/1.1 200 OK"
2026-01-16 20:57:45,863 - httpx - INFO - HTTP Request: POST https://api.telegram.org/bot1885942942:AAGzEmy7tdiA8fl-YxwaU_PEIPk3rbMSHK0/getUpdates "HTTP/1.1 200 OK"
2026-01-16 20:57:55,925 - httpx - INFO - HTTP Request: POST https://api.telegram.org/bot1885942942:AAGzEmy7tdiA8fl-YxwaU_PEIPk3rbMSHK0/getUpdates "HTTP/1.1 200 OK"
2026-01-16 20:58:05,987 - httpx - INFO - HTTP Request: POST https://api.telegram.org/bot1885942942:AAGzEmy7tdiA8fl-YxwaU_PEIPk3rbMSHK0/getUpdates "HTTP/1.1 200 OK"
2026-01-16 20:58:16,050 - httpx - INFO - HTTP Request: POST https://api.telegram.org/bot1885942942:AAGzEmy7tdiA8fl-YxwaU_PEIPk3rbMSHK0/getUpdates "HTTP/1.1 200 OK"
2026-01-16 20:58:26,116 - httpx - INFO - HTTP Request: POST https://api.telegram.org/bot1885942942:AAGzEmy7tdiA8fl-YxwaU_PEIPk3rbMSHK0/getUpdates "HTTP/1.1 200 OK"
2026-01-16 20:58:36,181 - httpx - INFO - HTTP Request: POST https://api.telegram.org/bot1885942942:AAGzEmy7tdiA8fl-YxwaU_PEIPk3rbMSHK0/getUpdates "HTTP/1.1 200 OK"
2026-01-16 20:58:46,244 - httpx - INFO - HTTP Request: POST https://api.telegram.org/bot1885942942:AAGzEmy7tdiA8fl-YxwaU_PEIPk3rbMSHK0/getUpdates "HTTP/1.1 200 OK"
2026-01-16 20:58:56,318 - httpx - INFO - HTTP Request: POST https://api.telegram.org/bot1885942942:AAGzEmy7tdiA8fl-YxwaU_PEIPk3rbMSHK0/getUpdates "HTTP/1.1 200 OK"
2026-01-16 20:59:06,384 - httpx - INFO - HTTP Request: POST https://api.telegram.org/bot1885942942:AAGzEmy7tdiA8fl-YxwaU_PEIPk3rbMSHK0/getUpdates "HTTP/1.1 200 OK"
2026-01-16 20:59:16,446 - httpx - INFO - HTTP Request: POST https://api.telegram.org/bot1885942942:AAGzEmy7tdiA8fl-YxwaU_PEIPk3rbMSHK0/getUpdates "HTTP/1.1 200 OK"
2026-01-16 20:59:26,507 - httpx - INFO - HTTP Request: POST https://api.telegram.org/bot1885942942:AAGzEmy7tdiA8fl-YxwaU_PEIPk3rbMSHK0/getUpdates "HTTP/1.1 200 OK"
2026-01-16 20:59:36,572 - httpx - INFO - HTTP Request: POST https://api.telegram.org/bot1885942942:AAGzEmy7tdiA8fl-YxwaU_PEIPk3rbMSHK0/getUpdates "HTTP/1.1 200 OK"
2026-01-16 20:59:46,643 - httpx - INFO - HTTP Request: POST https://api.telegram.org/bot1885942942:AAGzEmy7tdiA8fl-YxwaU_PEIPk3rbMSHK0/getUpdates "HTTP/1.1 200 OK"
2026-01-16 20:59:56,707 - httpx - INFO - HTTP Request: POST https://api.telegram.org/bot1885942942:AAGzEmy7tdiA8fl-YxwaU_PEIPk3rbMSHK0/getUpdates "HTTP/1.1 200 OK"
2026-01-16 21:00:06,827 - httpx - INFO - HTTP Request: POST https://api.telegram.org/bot1885942942:AAGzEmy7tdiA8fl-YxwaU_PEIPk3rbMSHK0/getUpdates "HTTP/1.1 200 OK"
2026-01-16 21:00:16,899 - httpx - INFO - HTTP Request: POST https://api.telegram.org/bot1885942942:AAGzEmy7tdiA8fl-YxwaU_PEIPk3rbMSHK0/getUpdates "HTTP/1.1 200 OK"
2026-01-16 21:00:26,986 - httpx - INFO - HTTP Request: POST https://api.telegram.org/bot1885942942:AAGzEmy7tdiA8fl-YxwaU_PEIPk3rbMSHK0/getUpdates "HTTP/1.1 200 OK"
2026-01-16 21:00:37,068 - httpx - INFO - HTTP Request: POST https://api.telegram.org/bot1885942942:AAGzEmy7tdiA8fl-YxwaU_PEIPk3rbMSHK0/getUpdates "HTTP/1.1 200 OK"
2026-01-16 21:00:47,143 - httpx - INFO - HTTP Request: POST https://api.telegram.org/bot1885942942:AAGzEmy7tdiA8fl-YxwaU_PEIPk3rbMSHK0/getUpdates "HTTP/1.1 200 OK"
2026-01-16 21:00:57,218 - httpx - INFO - HTTP Request: POST https://api.telegram.org/bot1885942942:AAGzEmy7tdiA8fl-YxwaU_PEIPk3rbMSHK0/getUpdates "HTTP/1.1 200 OK"
2026-01-16 21:01:07,284 - httpx - INFO - HTTP Request: POST https://api.telegram.org/bot1885942942:AAGzEmy7tdiA8fl-YxwaU_PEIPk3rbMSHK0/getUpdates "HTTP/1.1 200 OK"
2026-01-16 21:01:17,351 - httpx - INFO - HTTP Request: POST https://api.telegram.org/bot1885942942:AAGzEmy7tdiA8fl-YxwaU_PEIPk3rbMSHK0/getUpdates "HTTP/1.1 200 OK"
2026-01-16 21:01:27,421 - httpx - INFO - HTTP Request: POST https://api.telegram.org/bot1885942942:AAGzEmy7tdiA8fl-YxwaU_PEIPk3rbMSHK0/getUpdates "HTTP/1.1 200 OK"
2026-01-16 21:01:37,490 - httpx - INFO - HTTP Request: POST https://api.telegram.org/bot1885942942:AAGzEmy7tdiA8fl-YxwaU_PEIPk3rbMSHK0/getUpdates "HTTP/1.1 200 OK"
2026-01-16 21:01:47,557 - httpx - INFO - HTTP Request: POST https://api.telegram.org/bot1885942942:AAGzEmy7tdiA8fl-YxwaU_PEIPk3rbMSHK0/getUpdates "HTTP/1.1 200 OK"
2026-01-16 21:01:57,633 - httpx - INFO - HTTP Request: POST https://api.telegram.org/bot1885942942:AAGzEmy7tdiA8fl-YxwaU_PEIPk3rbMSHK0/getUpdates "HTTP/1.1 200 OK"
2026-01-16 21:02:07,707 - httpx - INFO - HTTP Request: POST https://api.telegram.org/bot1885942942:AAGzEmy7tdiA8fl-YxwaU_PEIPk3rbMSHK0/getUpdates "HTTP/1.1 200 OK"
2026-01-16 21:02:17,785 - httpx - INFO - HTTP Request: POST https://api.telegram.org/bot1885942942:AAGzEmy7tdiA8fl-YxwaU_PEIPk3rbMSHK0/getUpdates "HTTP/1.1 200 OK"
2026-01-16 21:02:27,865 - httpx - INFO - HTTP Request: POST https://api.telegram.org/bot1885942942:AAGzEmy7tdiA8fl-YxwaU_PEIPk3rbMSHK0/getUpdates "HTTP/1.1 200 OK"
2026-01-16 21:02:37,939 - httpx - INFO - HTTP Request: POST https://api.telegram.org/bot1885942942:AAGzEmy7tdiA8fl-YxwaU_PEIPk3rbMSHK0/getUpdates "HTTP/1.1 200 OK"
2026-01-16 21:02:48,013 - httpx - INFO - HTTP Request: POST https://api.telegram.org/bot1885942942:AAGzEmy7tdiA8fl-YxwaU_PEIPk3rbMSHK0/getUpdates "HTTP/1.1 200 OK"
2026-01-16 21:02:58,093 - httpx - INFO - HTTP Request: POST https://api.telegram.org/bot1885942942:AAGzEmy7tdiA8fl-YxwaU_PEIPk3rbMSHK0/getUpdates "HTTP/1.1 200 OK"
2026-01-16 21:03:08,213 - httpx - INFO - HTTP Request: POST https://api.telegram.org/bot1885942942:AAGzEmy7tdiA8fl-YxwaU_PEIPk3rbMSHK0/getUpdates "HTTP/1.1 200 OK"
2026-01-16 21:03:18,297 - httpx - INFO - HTTP Request: POST https://api.telegram.org/bot1885942942:AAGzEmy7tdiA8fl-YxwaU_PEIPk3rbMSHK0/getUpdates "HTTP/1.1 200 OK"
2026-01-16 21:03:28,363 - httpx - INFO - HTTP Request: POST https://api.telegram.org/bot1885942942:AAGzEmy7tdiA8fl-YxwaU_PEIPk3rbMSHK0/getUpdates "HTTP/1.1 200 OK"
2026-01-16 21:03:38,432 - httpx - INFO - HTTP Request: POST https://api.telegram.org/bot1885942942:AAGzEmy7tdiA8fl-YxwaU_PEIPk3rbMSHK0/getUpdates "HTTP/1.1 200 OK"
2026-01-16 21:03:48,498 - httpx - INFO - HTTP Request: POST https://api.telegram.org/bot1885942942:AAGzEmy7tdiA8fl-YxwaU_PEIPk3rbMSHK0/getUpdates "HTTP/1.1 200 OK"
2026-01-16 21:03:58,566 - httpx - INFO - HTTP Request: POST https://api.telegram.org/bot1885942942:AAGzEmy7tdiA8fl-YxwaU_PEIPk3rbMSHK0/getUpdates "HTTP/1.1 200 OK"
2026-01-16 21:04:08,641 - httpx - INFO - HTTP Request: POST https://api.telegram.org/bot1885942942:AAGzEmy7tdiA8fl-YxwaU_PEIPk3rbMSHK0/getUpdates "HTTP/1.1 200 OK"
2026-01-16 21:04:18,724 - httpx - INFO - HTTP Request: POST https://api.telegram.org/bot1885942942:AAGzEmy7tdiA8fl-YxwaU_PEIPk3rbMSHK0/getUpdates "HTTP/1.1 200 OK"
2026-01-16 21:04:28,789 - httpx - INFO - HTTP Request: POST https://api.telegram.org/bot1885942942:AAGzEmy7tdiA8fl-YxwaU_PEIPk3rbMSHK0/getUpdates "HTTP/1.1 200 OK"
2026-01-16 21:04:38,861 - httpx - INFO - HTTP Request: POST https://api.telegram.org/bot1885942942:AAGzEmy7tdiA8fl-YxwaU_PEIPk3rbMSHK0/getUpdates "HTTP/1.1 200 OK"
2026-01-16 21:04:48,926 - httpx - INFO - HTTP Request: POST https://api.telegram.org/bot1885942942:AAGzEmy7tdiA8fl-YxwaU_PEIPk3rbMSHK0/getUpdates "HTTP/1.1 200 OK"
2026-01-16 21:04:58,988 - httpx - INFO - HTTP Request: POST https://api.telegram.org/bot1885942942:AAGzEmy7tdiA8fl-YxwaU_PEIPk3rbMSHK0/getUpdates "HTTP/1.1 200 OK"
2026-01-16 21:05:09,056 - httpx - INFO - HTTP Request: POST https://api.telegram.org/bot1885942942:AAGzEmy7tdiA8fl-YxwaU_PEIPk3rbMSHK0/getUpdates "HTTP/1.1 200 OK"
2026-01-16 21:05:19,125 - httpx - INFO - HTTP Request: POST https://api.telegram.org/bot1885942942:AAGzEmy7tdiA8fl-YxwaU_PEIPk3rbMSHK0/getUpdates "HTTP/1.1 200 OK"
2026-01-16 21:05:29,189 - httpx - INFO - HTTP Request: POST https://api.telegram.org/bot1885942942:AAGzEmy7tdiA8fl-YxwaU_PEIPk3rbMSHK0/getUpdates "HTTP/1.1 200 OK"
2026-01-16 21:05:39,467 - httpx - INFO - HTTP Request: POST https://api.telegram.org/bot1885942942:AAGzEmy7tdiA8fl-YxwaU_PEIPk3rbMSHK0/getUpdates "HTTP/1.1 200 OK"
2026-01-16 21:05:49,528 - httpx - INFO - HTTP Request: POST https://api.telegram.org/bot1885942942:AAGzEmy7tdiA8fl-YxwaU_PEIPk3rbMSHK0/getUpdates "HTTP/1.1 200 OK"
2026-01-16 21:05:59,589 - httpx - INFO - HTTP Request: POST https://api.telegram.org/bot1885942942:AAGzEmy7tdiA8fl-YxwaU_PEIPk3rbMSHK0/getUpdates "HTTP/1.1 200 OK"
2026-01-16 21:06:09,661 - httpx - INFO - HTTP Request: POST https://api.telegram.org/bot1885942942:AAGzEmy7tdiA8fl-YxwaU_PEIPk3rbMSHK0/getUpdates "HTTP/1.1 200 OK"
2026-01-16 21:06:19,732 - httpx - INFO - HTTP Request: POST https://api.telegram.org/bot1885942942:AAGzEmy7tdiA8fl-YxwaU_PEIPk3rbMSHK0/getUpdates "HTTP/1.1 200 OK"
2026-01-16 21:06:29,811 - httpx - INFO - HTTP Request: POST https://api.telegram.org/bot1885942942:AAGzEmy7tdiA8fl-YxwaU_PEIPk3rbMSHK0/getUpdates "HTTP/1.1 200 OK"
2026-01-16 21:06:39,884 - httpx - INFO - HTTP Request: POST https://api.telegram.org/bot1885942942:AAGzEmy7tdiA8fl-YxwaU_PEIPk3rbMSHK0/getUpdates "HTTP/1.1 200 OK"
2026-01-16 21:06:49,947 - httpx - INFO - HTTP Request: POST https://api.telegram.org/bot1885942942:AAGzEmy7tdiA8fl-YxwaU_PEIPk3rbMSHK0/getUpdates "HTTP/1.1 200 OK"
2026-01-16 21:07:00,015 - httpx - INFO - HTTP Request: POST https://api.telegram.org/bot1885942942:AAGzEmy7tdiA8fl-YxwaU_PEIPk3rbMSHK0/getUpdates "HTTP/1.1 200 OK"
2026-01-16 21:07:10,077 - httpx - INFO - HTTP Request: POST https://api.telegram.org/bot1885942942:AAGzEmy7tdiA8fl-YxwaU_PEIPk3rbMSHK0/getUpdates "HTTP/1.1 200 OK"
2026-01-16 21:07:20,135 - httpx - INFO - HTTP Request: POST https://api.telegram.org/bot1885942942:AAGzEmy7tdiA8fl-YxwaU_PEIPk3rbMSHK0/getUpdates "HTTP/1.1 200 OK"
2026-01-16 21:07:30,207 - httpx - INFO - HTTP Request: POST https://api.telegram.org/bot1885942942:AAGzEmy7tdiA8fl-YxwaU_PEIPk3rbMSHK0/getUpdates "HTTP/1.1 200 OK"
2026-01-16 21:07:40,291 - httpx - INFO - HTTP Request: POST https://api.telegram.org/bot1885942942:AAGzEmy7tdiA8fl-YxwaU_PEIPk3rbMSHK0/getUpdates "HTTP/1.1 200 OK"
2026-01-16 21:07:50,432 - httpx - INFO - HTTP Request: POST https://api.telegram.org/bot1885942942:AAGzEmy7tdiA8fl-YxwaU_PEIPk3rbMSHK0/getUpdates "HTTP/1.1 200 OK"
2026-01-16 21:08:00,500 - httpx - INFO - HTTP Request: POST https://api.telegram.org/bot1885942942:AAGzEmy7tdiA8fl-YxwaU_PEIPk3rbMSHK0/getUpdates "HTTP/1.1 200 OK"
2026-01-16 21:08:10,562 - httpx - INFO - HTTP Request: POST https://api.telegram.org/bot1885942942:AAGzEmy7tdiA8fl-YxwaU_PEIPk3rbMSHK0/getUpdates "HTTP/1.1 200 OK"
2026-01-16 21:08:20,650 - httpx - INFO - HTTP Request: POST https://api.telegram.org/bot1885942942:AAGzEmy7tdiA8fl-YxwaU_PEIPk3rbMSHK0/getUpdates "HTTP/1.1 200 OK"
2026-01-16 21:08:30,724 - httpx - INFO - HTTP Request: POST https://api.telegram.org/bot1885942942:AAGzEmy7tdiA8fl-YxwaU_PEIPk3rbMSHK0/getUpdates "HTTP/1.1 200 OK"
2026-01-16 21:08:40,816 - httpx - INFO - HTTP Request: POST https://api.telegram.org/bot1885942942:AAGzEmy7tdiA8fl-YxwaU_PEIPk3rbMSHK0/getUpdates "HTTP/1.1 200 OK"
2026-01-16 21:08:50,874 - httpx - INFO - HTTP Request: POST https://api.telegram.org/bot1885942942:AAGzEmy7tdiA8fl-YxwaU_PEIPk3rbMSHK0/getUpdates "HTTP/1.1 200 OK"
2026-01-16 21:09:00,957 - httpx - INFO - HTTP Request: POST https://api.telegram.org/bot1885942942:AAGzEmy7tdiA8fl-YxwaU_PEIPk3rbMSHK0/getUpdates "HTTP/1.1 200 OK"
2026-01-16 21:09:11,030 - httpx - INFO - HTTP Request: POST https://api.telegram.org/bot1885942942:AAGzEmy7tdiA8fl-YxwaU_PEIPk3rbMSHK0/getUpdates "HTTP/1.1 200 OK"
2026-01-16 21:09:21,096 - httpx - INFO - HTTP Request: POST https://api.telegram.org/bot1885942942:AAGzEmy7tdiA8fl-YxwaU_PEIPk3rbMSHK0/getUpdates "HTTP/1.1 200 OK"
2026-01-16 21:09:31,157 - httpx - INFO - HTTP Request: POST https://api.telegram.org/bot1885942942:AAGzEmy7tdiA8fl-YxwaU_PEIPk3rbMSHK0/getUpdates "HTTP/1.1 200 OK"
2026-01-16 21:09:41,215 - httpx - INFO - HTTP Request: POST https://api.telegram.org/bot1885942942:AAGzEmy7tdiA8fl-YxwaU_PEIPk3rbMSHK0/getUpdates "HTTP/1.1 200 OK"
2026-01-16 21:09:51,272 - httpx - INFO - HTTP Request: POST https://api.telegram.org/bot1885942942:AAGzEmy7tdiA8fl-YxwaU_PEIPk3rbMSHK0/getUpdates "HTTP/1.1 200 OK"
2026-01-16 21:10:01,340 - httpx - INFO - HTTP Request: POST https://api.telegram.org/bot1885942942:AAGzEmy7tdiA8fl-YxwaU_PEIPk3rbMSHK0/getUpdates "HTTP/1.1 200 OK"
2026-01-16 21:10:11,407 - httpx - INFO - HTTP Request: POST https://api.telegram.org/bot1885942942:AAGzEmy7tdiA8fl-YxwaU_PEIPk3rbMSHK0/getUpdates "HTTP/1.1 200 OK"
2026-01-16 21:10:21,475 - httpx - INFO - HTTP Request: POST https://api.telegram.org/bot1885942942:AAGzEmy7tdiA8fl-YxwaU_PEIPk3rbMSHK0/getUpdates "HTTP/1.1 200 OK"
2026-01-16 21:10:31,547 - httpx - INFO - HTTP Request: POST https://api.telegram.org/bot1885942942:AAGzEmy7tdiA8fl-YxwaU_PEIPk3rbMSHK0/getUpdates "HTTP/1.1 200 OK"
2026-01-16 21:10:41,607 - httpx - INFO - HTTP Request: POST https://api.telegram.org/bot1885942942:AAGzEmy7tdiA8fl-YxwaU_PEIPk3rbMSHK0/getUpdates "HTTP/1.1 200 OK"
2026-01-16 21:10:51,675 - httpx - INFO - HTTP Request: POST https://api.telegram.org/bot1885942942:AAGzEmy7tdiA8fl-YxwaU_PEIPk3rbMSHK0/getUpdates "HTTP/1.1 200 OK"
2026-01-16 21:11:01,733 - httpx - INFO - HTTP Request: POST https://api.telegram.org/bot1885942942:AAGzEmy7tdiA8fl-YxwaU_PEIPk3rbMSHK0/getUpdates "HTTP/1.1 200 OK"
2026-01-16 21:11:11,798 - httpx - INFO - HTTP Request: POST https://api.telegram.org/bot1885942942:AAGzEmy7tdiA8fl-YxwaU_PEIPk3rbMSHK0/getUpdates "HTTP/1.1 200 OK"
2026-01-16 21:11:21,901 - httpx - INFO - HTTP Request: POST https://api.telegram.org/bot1885942942:AAGzEmy7tdiA8fl-YxwaU_PEIPk3rbMSHK0/getUpdates "HTTP/1.1 200 OK"
2026-01-16 21:11:31,967 - httpx - INFO - HTTP Request: POST https://api.telegram.org/bot1885942942:AAGzEmy7tdiA8fl-YxwaU_PEIPk3rbMSHK0/getUpdates "HTTP/1.1 200 OK"
2026-01-16 21:11:42,036 - httpx - INFO - HTTP Request: POST https://api.telegram.org/bot1885942942:AAGzEmy7tdiA8fl-YxwaU_PEIPk3rbMSHK0/getUpdates "HTTP/1.1 200 OK"
2026-01-16 21:11:52,112 - httpx - INFO - HTTP Request: POST https://api.telegram.org/bot1885942942:AAGzEmy7tdiA8fl-YxwaU_PEIPk3rbMSHK0/getUpdates "HTTP/1.1 200 OK"
2026-01-16 21:12:02,210 - httpx - INFO - HTTP Request: POST https://api.telegram.org/bot1885942942:AAGzEmy7tdiA8fl-YxwaU_PEIPk3rbMSHK0/getUpdates "HTTP/1.1 200 OK"
2026-01-16 21:12:12,267 - httpx - INFO - HTTP Request: POST https://api.telegram.org/bot1885942942:AAGzEmy7tdiA8fl-YxwaU_PEIPk3rbMSHK0/getUpdates "HTTP/1.1 200 OK"
2026-01-16 21:12:22,342 - httpx - INFO - HTTP Request: POST https://api.telegram.org/bot1885942942:AAGzEmy7tdiA8fl-YxwaU_PEIPk3rbMSHK0/getUpdates "HTTP/1.1 200 OK"
2026-01-16 21:12:32,401 - httpx - INFO - HTTP Request: POST https://api.telegram.org/bot1885942942:AAGzEmy7tdiA8fl-YxwaU_PEIPk3rbMSHK0/getUpdates "HTTP/1.1 200 OK"
2026-01-16 21:12:42,459 - httpx - INFO - HTTP Request: POST https://api.telegram.org/bot1885942942:AAGzEmy7tdiA8fl-YxwaU_PEIPk3rbMSHK0/getUpdates "HTTP/1.1 200 OK"
2026-01-16 21:12:52,623 - httpx - INFO - HTTP Request: POST https://api.telegram.org/bot1885942942:AAGzEmy7tdiA8fl-YxwaU_PEIPk3rbMSHK0/getUpdates "HTTP/1.1 200 OK"
2026-01-16 21:13:02,681 - httpx - INFO - HTTP Request: POST https://api.telegram.org/bot1885942942:AAGzEmy7tdiA8fl-YxwaU_PEIPk3rbMSHK0/getUpdates "HTTP/1.1 200 OK"
2026-01-16 21:13:12,798 - httpx - INFO - HTTP Request: POST https://api.telegram.org/bot1885942942:AAGzEmy7tdiA8fl-YxwaU_PEIPk3rbMSHK0/getUpdates "HTTP/1.1 200 OK"
